<?xml version="1.0" encoding="UTF-8"?>
<!-- Generated by org.testng.reporters.JUnitReportReporter -->
<testsuite skipped="0" hostname="mobaroks-MBP.home" name="com.subway.test.YGH" tests="1" failures="0" timestamp="25 Sep 2018 00:30:12 GMT" time="0.013" errors="0">
  <testcase name="h" time="0.013" classname="com.subway.test.YGH"/>
</testsuite> <!-- com.subway.test.YGH -->
