<?xml version="1.0" encoding="UTF-8"?>
<!-- Generated by org.testng.reporters.JUnitReportReporter -->
<testsuite skipped="0" hostname="mobaroks-MBP.home" name="com.subway.test.DriverOpenTest" tests="1" failures="0" timestamp="25 Sep 2018 03:14:34 GMT" time="4.195" errors="0">
  <testcase name="opendiver" time="4.195" classname="com.subway.test.DriverOpenTest"/>
</testsuite> <!-- com.subway.test.DriverOpenTest -->
